-IO-gPwYgzE
-NYET1b6cOY
-uvR2Z-YiCQ
03W9rQTbX8A
0U3lKMXzNp8
1EHo4n1ppTE
1_hpCjIjrI4
1dx8oq47K4E
23HyaGh0J8A
2WBG2rJZGW8
2r3ddBtpQjA
3leip5qw9WM
4bhjcmEcV74
8OMb2uTV514
AWblgF4wut8
AuPg0wBplmQ
CGRWHXxga00
CyHu_0ikZRk
D-RVnZR5lS8
E3rB_qx0wRM
Ej425zOu0Rw
F2tMdxxycCU
FKtMUPYyoOM
H07JvXnDs4s
H5bwyxbS2Gk
HDqxV2D2AtE
HRZ1DTr6dYc
HZKX6YKdvjs
IoCC90TAR2c
KBSO7m6Gg7c
KQAizwUi7lA
L6ayQbTmoxg
LHExSomRoQ8
LYcGdFBxnYg
M3MwWCqz9uA
M4ieCVzAdb8
MYxmw-LhOEw
OC8xpENV150
PjYVxXOmsrc
Q9jHF5HOOlY
QODKe6vidp4
QQcAZ_VmAao
R7JLW3NRRC8
RD6BuZkzhco
RgpoRGq3oBs
SSWTy0qITGA
SaolD5uRm18
TDOVNg1p8Js
TELBt8vyi7o
TSJrJsPs_VI
TVskx6VPH_I
U7wHl97WBeI
VcpmOa8ZqNY
WLF2pSJ015E
WN2XSI6vZIg
WVU_dYz1E0M
WXqnJqISKCE
W_FWderPNZc
WfQ55w4sz74
ZGMzjdVn9go
ZWtl3L9U9eQ
_MG20u4PQPs
avA06PVUhYE
az28k5OyG_I
azAYiqxddas
bnN-k2Beo4E
c6qi4GLWRTo
cNXkVo1jnNM
cpP5dx0XwMs
dA9PuZAjLqw
eJzWEZB8fPA
eke0xp4rprM
fAi0cotJPdg
gIUCqqFpkug
gTX8nSQVyaU
hwCeUYRRoRU
hyEeeJHo5Dc
i88W8U3zE-8
iJGd1CRzNcY
iPGRTCKwTtA
j6Zeq-_bp9c
jQT1m9xnVHY
kLlmYGiQAKI
kc4GDM3D9pM
l1XUaRJgFBI
l7rpS-LVI8s
limWzxBKAdg
nt60WE5rDho
ogAfbBSDTVc
pG0_UyT4tfY
q5gotA6q7Fg
q7UwDFNYn34
qJSWZJHUZbE
rDbque25kSY
szJPU0xwJDE
th9EvdOqwwM
ud1sGvPt6GQ
vCJD8tmtSZo
wV60V4b0lQI
wzlxR3dKjrg
x9IYQ3LYSO8
yC3yUmN1hGs
yqlp_OUWT9w